{"/home/victor/estudos/igti/modulo-4/calcula-valor/src/calcula-valor.js": {"path":"/home/victor/estudos/igti/modulo-4/calcula-valor/src/calcula-valor.js","statementMap":{"0":{"start":{"line":2,"column":19},"end":{"line":2,"column":60}},"1":{"start":{"line":3,"column":4},"end":{"line":3,"column":36}},"2":{"start":{"line":4,"column":4},"end":{"line":4,"column":20}},"3":{"start":{"line":8,"column":21},"end":{"line":8,"column":24}},"4":{"start":{"line":10,"column":8},"end":{"line":10,"column":66}},"5":{"start":{"line":11,"column":4},"end":{"line":11,"column":23}},"6":{"start":{"line":15,"column":26},"end":{"line":15,"column":63}},"7":{"start":{"line":16,"column":22},"end":{"line":16,"column":63}},"8":{"start":{"line":18,"column":25},"end":{"line":18,"column":58}},"9":{"start":{"line":18,"column":52},"end":{"line":18,"column":57}},"10":{"start":{"line":19,"column":20},"end":{"line":19,"column":57}},"11":{"start":{"line":20,"column":18},"end":{"line":20,"column":40}},"12":{"start":{"line":21,"column":12},"end":{"line":21,"column":52}},"13":{"start":{"line":23,"column":4},"end":{"line":28,"column":5}},"14":{"start":{"line":24,"column":8},"end":{"line":24,"column":63}},"15":{"start":{"line":25,"column":8},"end":{"line":25,"column":59}},"16":{"start":{"line":25,"column":52},"end":{"line":25,"column":57}},"17":{"start":{"line":26,"column":8},"end":{"line":26,"column":58}},"18":{"start":{"line":27,"column":8},"end":{"line":27,"column":19}},"19":{"start":{"line":30,"column":4},"end":{"line":30,"column":21}},"20":{"start":{"line":33,"column":0},"end":{"line":37,"column":2}}},"fnMap":{"0":{"name":"calcularMontante","decl":{"start":{"line":1,"column":9},"end":{"line":1,"column":25}},"loc":{"start":{"line":1,"column":50},"end":{"line":5,"column":1}},"line":1},"1":{"name":"arredondar","decl":{"start":{"line":7,"column":9},"end":{"line":7,"column":19}},"loc":{"start":{"line":7,"column":27},"end":{"line":12,"column":1}},"line":7},"2":{"name":"calcularPrestacoes","decl":{"start":{"line":14,"column":9},"end":{"line":14,"column":27}},"loc":{"start":{"line":14,"column":54},"end":{"line":31,"column":1}},"line":14},"3":{"name":"(anonymous_3)","decl":{"start":{"line":18,"column":42},"end":{"line":18,"column":43}},"loc":{"start":{"line":18,"column":52},"end":{"line":18,"column":57}},"line":18},"4":{"name":"(anonymous_4)","decl":{"start":{"line":25,"column":42},"end":{"line":25,"column":43}},"loc":{"start":{"line":25,"column":52},"end":{"line":25,"column":57}},"line":25}},"branchMap":{"0":{"loc":{"start":{"line":20,"column":18},"end":{"line":20,"column":40}},"type":"cond-expr","locations":[{"start":{"line":20,"column":34},"end":{"line":20,"column":35}},{"start":{"line":20,"column":38},"end":{"line":20,"column":40}}],"line":20},"1":{"loc":{"start":{"line":21,"column":12},"end":{"line":21,"column":52}},"type":"cond-expr","locations":[{"start":{"line":21,"column":28},"end":{"line":21,"column":29}},{"start":{"line":21,"column":32},"end":{"line":21,"column":52}}],"line":21}},"s":{"0":2,"1":2,"2":2,"3":26,"4":26,"5":26,"6":5,"7":5,"8":5,"9":10,"10":5,"11":5,"12":5,"13":5,"14":4,"15":4,"16":14,"17":4,"18":4,"19":5,"20":1},"f":{"0":2,"1":26,"2":5,"3":10,"4":14},"b":{"0":[2,3],"1":[2,3]},"_coverageSchema":"1a1c01bbd47fc00a2c39e90264f33305004495a9","hash":"17bff2a32ec0a6fcfa371adfb59f8a1d4afa146e"}
,"/home/victor/estudos/igti/modulo-4/calcula-valor/test/extensoes.js": {"path":"/home/victor/estudos/igti/modulo-4/calcula-valor/test/extensoes.js","statementMap":{"0":{"start":{"line":1,"column":21},"end":{"line":1,"column":55}},"1":{"start":{"line":3,"column":0},"end":{"line":25,"column":3}},"2":{"start":{"line":5,"column":25},"end":{"line":5,"column":79}},"3":{"start":{"line":5,"column":72},"end":{"line":5,"column":77}},"4":{"start":{"line":6,"column":23},"end":{"line":6,"column":65}},"5":{"start":{"line":8,"column":8},"end":{"line":11,"column":10}},"6":{"start":{"line":9,"column":27},"end":{"line":9,"column":72}},"7":{"start":{"line":15,"column":8},"end":{"line":18,"column":9}},"8":{"start":{"line":15,"column":21},"end":{"line":15,"column":22}},"9":{"start":{"line":16,"column":22},"end":{"line":16,"column":27}},"10":{"start":{"line":17,"column":12},"end":{"line":17,"column":62}},"11":{"start":{"line":20,"column":8},"end":{"line":23,"column":10}},"12":{"start":{"line":21,"column":27},"end":{"line":21,"column":68}}},"fnMap":{"0":{"name":"(anonymous_0)","decl":{"start":{"line":4,"column":4},"end":{"line":4,"column":5}},"loc":{"start":{"line":4,"column":41},"end":{"line":12,"column":5}},"line":4},"1":{"name":"(anonymous_1)","decl":{"start":{"line":5,"column":62},"end":{"line":5,"column":63}},"loc":{"start":{"line":5,"column":72},"end":{"line":5,"column":77}},"line":5},"2":{"name":"(anonymous_2)","decl":{"start":{"line":9,"column":21},"end":{"line":9,"column":22}},"loc":{"start":{"line":9,"column":27},"end":{"line":9,"column":72}},"line":9},"3":{"name":"(anonymous_3)","decl":{"start":{"line":14,"column":4},"end":{"line":14,"column":5}},"loc":{"start":{"line":14,"column":27},"end":{"line":24,"column":5}},"line":14},"4":{"name":"(anonymous_4)","decl":{"start":{"line":21,"column":21},"end":{"line":21,"column":22}},"loc":{"start":{"line":21,"column":27},"end":{"line":21,"column":68}},"line":21}},"branchMap":{},"s":{"0":1,"1":1,"2":2,"3":4,"4":2,"5":2,"6":0,"7":2,"8":2,"9":4,"10":4,"11":2,"12":0},"f":{"0":2,"1":4,"2":0,"3":2,"4":0},"b":{},"_coverageSchema":"1a1c01bbd47fc00a2c39e90264f33305004495a9","hash":"44e5610aced18804d40fb12502abcf6a65edfc30"}
}
