TN:
SF:src/calcula-valor.js
FN:1,calcularMontante
FN:7,arredondar
FN:14,calcularPrestacoes
FN:18,(anonymous_3)
FN:25,(anonymous_4)
FNF:5
FNH:5
FNDA:2,calcularMontante
FNDA:26,arredondar
FNDA:5,calcularPrestacoes
FNDA:10,(anonymous_3)
FNDA:14,(anonymous_4)
DA:2,2
DA:3,2
DA:4,2
DA:8,26
DA:10,26
DA:11,26
DA:15,5
DA:16,5
DA:18,10
DA:19,5
DA:20,5
DA:21,5
DA:23,5
DA:24,4
DA:25,14
DA:26,4
DA:27,4
DA:30,5
DA:33,1
LF:19
LH:19
BRDA:20,0,0,2
BRDA:20,0,1,3
BRDA:21,1,0,2
BRDA:21,1,1,3
BRF:4
BRH:4
end_of_record
TN:
SF:test/extensoes.js
FN:4,(anonymous_0)
FN:5,(anonymous_1)
FN:9,(anonymous_2)
FN:14,(anonymous_3)
FN:21,(anonymous_4)
FNF:5
FNH:3
FNDA:2,(anonymous_0)
FNDA:4,(anonymous_1)
FNDA:0,(anonymous_2)
FNDA:2,(anonymous_3)
FNDA:0,(anonymous_4)
DA:1,1
DA:3,1
DA:5,4
DA:6,2
DA:8,2
DA:9,0
DA:15,2
DA:16,4
DA:17,4
DA:20,2
DA:21,0
LF:11
LH:9
BRF:0
BRH:0
end_of_record
